<?xml version="1.0" encoding="UTF-8" ?>
<testsuite failures="0" time="0.095" errors="0" skipped="0" tests="1" name="fr.inria.sacha.gitanalyzer.AppTest">
  <properties>
    <property name="java.runtime.name" value="Java(TM) SE Runtime Environment"/>
    <property name="sun.boot.library.path" value="C:\Program Files\Java\jdk1.7.0_01\jre\bin"/>
    <property name="java.vm.version" value="21.1-b02"/>
    <property name="user.country.format" value="FR"/>
    <property name="java.vm.vendor" value="Oracle Corporation"/>
    <property name="java.vendor.url" value="http://java.oracle.com/"/>
    <property name="path.separator" value=";"/>
    <property name="java.vm.name" value="Java HotSpot(TM) 64-Bit Server VM"/>
    <property name="file.encoding.pkg" value="sun.io"/>
    <property name="user.script" value=""/>
    <property name="user.country" value="US"/>
    <property name="sun.java.launcher" value="SUN_STANDARD"/>
    <property name="sun.os.patch.level" value="Service Pack 1"/>
    <property name="java.vm.specification.name" value="Java Virtual Machine Specification"/>
    <property name="user.dir" value="C:\Personal\develop\astor\workspace\gitanalyzer"/>
    <property name="java.runtime.version" value="1.7.0_01-b08"/>
    <property name="java.awt.graphicsenv" value="sun.awt.Win32GraphicsEnvironment"/>
    <property name="basedir" value="C:\Personal\develop\astor\workspace\gitanalyzer"/>
    <property name="java.endorsed.dirs" value="C:\Program Files\Java\jdk1.7.0_01\jre\lib\endorsed"/>
    <property name="os.arch" value="amd64"/>
    <property name="surefire.real.class.path" value="C:\Users\adam\AppData\Local\Temp\surefirebooter3360122088283006181.jar"/>
    <property name="java.io.tmpdir" value="C:\Users\adam\AppData\Local\Temp\"/>
    <property name="line.separator" value="
"/>
    <property name="java.vm.specification.vendor" value="Oracle Corporation"/>
    <property name="user.variant" value=""/>
    <property name="os.name" value="Windows 7"/>
    <property name="sun.jnu.encoding" value="Cp1252"/>
    <property name="java.library.path" value="C:\Program Files\Java\jdk1.7.0_01\jre\bin;C:\Windows\Sun\Java\bin;C:\Windows\system32;C:\Windows;C:\Program Files (x86)\OpenLibraries\bin;C:\Program Files\Java\jdk1.7.0_01\bin;C:\Personal\develop\tex\hevea;C:\Personal\develop\apache-maven-2.2.1\bin;C:\Program Files\TortoiseHg\;C:\Personal\develop\Git\bin;C:\Program Files (x86)\Heroku\bin;C:\Program Files (x86)\git\cmd;C:\Program Files (x86)\CVSNT\;C:\Users\adam\AppData\Roaming\MiKTeX\2.9\miktex/bin\;C:\Program Files (x86)\CVS Suite\CVSNT\;C:\Program Files (x86)\MiKTeX 2.9\miktex/bin\;C:\Program Files (x86)\Google\google_appengine\;C:\Personal\develop\jad;."/>
    <property name="surefire.test.class.path" value="C:\Personal\develop\astor\workspace\gitanalyzer\target\test-classes;C:\Personal\develop\astor\workspace\gitanalyzer\target\classes;C:\Users\adam\.m2\repository\fr\inria\sacha\seed2\0.1\seed2-0.1.jar;C:\Users\adam\.m2\repository\eclipse\org.eclipse.equinox.common\3.6.0.v20110523\org.eclipse.equinox.common-3.6.0.v20110523.jar;C:\Users\adam\.m2\repository\eclipse\org.eclipse.equinox.preferences\3.4.1.R37x_v20110725\org.eclipse.equinox.preferences-3.4.1.R37x_v20110725.jar;C:\Users\adam\.m2\repository\org\eclipse\jgit\2.2\jgit-2.2.jar;C:\Users\adam\.m2\repository\org\eclipse\text\3.5\text-3.5.jar;C:\Users\adam\.m2\repository\gitective\core\0.9.10\core-0.9.10.jar;C:\Users\adam\.m2\repository\junit\junit\3.8.1\junit-3.8.1.jar;"/>
    <property name="java.specification.name" value="Java Platform API Specification"/>
    <property name="java.class.version" value="51.0"/>
    <property name="sun.management.compiler" value="HotSpot 64-Bit Tiered Compilers"/>
    <property name="os.version" value="6.1"/>
    <property name="user.home" value="C:\Users\adam"/>
    <property name="user.timezone" value=""/>
    <property name="java.awt.printerjob" value="sun.awt.windows.WPrinterJob"/>
    <property name="java.specification.version" value="1.7"/>
    <property name="file.encoding" value="Cp1252"/>
    <property name="user.name" value="adam"/>
    <property name="java.class.path" value="C:\Personal\develop\astor\workspace\gitanalyzer\target\test-classes;C:\Personal\develop\astor\workspace\gitanalyzer\target\classes;C:\Users\adam\.m2\repository\fr\inria\sacha\seed2\0.1\seed2-0.1.jar;C:\Users\adam\.m2\repository\eclipse\org.eclipse.equinox.common\3.6.0.v20110523\org.eclipse.equinox.common-3.6.0.v20110523.jar;C:\Users\adam\.m2\repository\eclipse\org.eclipse.equinox.preferences\3.4.1.R37x_v20110725\org.eclipse.equinox.preferences-3.4.1.R37x_v20110725.jar;C:\Users\adam\.m2\repository\org\eclipse\jgit\2.2\jgit-2.2.jar;C:\Users\adam\.m2\repository\org\eclipse\text\3.5\text-3.5.jar;C:\Users\adam\.m2\repository\gitective\core\0.9.10\core-0.9.10.jar;C:\Users\adam\.m2\repository\junit\junit\3.8.1\junit-3.8.1.jar;"/>
    <property name="java.vm.specification.version" value="1.7"/>
    <property name="sun.arch.data.model" value="64"/>
    <property name="java.home" value="C:\Program Files\Java\jdk1.7.0_01\jre"/>
    <property name="sun.java.command" value="C:\Users\adam\AppData\Local\Temp\surefirebooter3360122088283006181.jar C:\Users\adam\AppData\Local\Temp\surefire8869087828008113878tmp C:\Users\adam\AppData\Local\Temp\surefire4262288007121543930tmp"/>
    <property name="java.specification.vendor" value="Oracle Corporation"/>
    <property name="user.language" value="en"/>
    <property name="user.language.format" value="fr"/>
    <property name="awt.toolkit" value="sun.awt.windows.WToolkit"/>
    <property name="java.vm.info" value="mixed mode"/>
    <property name="java.version" value="1.7.0_01"/>
    <property name="java.ext.dirs" value="C:\Program Files\Java\jdk1.7.0_01\jre\lib\ext;C:\Windows\Sun\Java\lib\ext"/>
    <property name="sun.boot.class.path" value="C:\Program Files\Java\jdk1.7.0_01\jre\lib\resources.jar;C:\Program Files\Java\jdk1.7.0_01\jre\lib\rt.jar;C:\Program Files\Java\jdk1.7.0_01\jre\lib\sunrsasign.jar;C:\Program Files\Java\jdk1.7.0_01\jre\lib\jsse.jar;C:\Program Files\Java\jdk1.7.0_01\jre\lib\jce.jar;C:\Program Files\Java\jdk1.7.0_01\jre\lib\charsets.jar;C:\Program Files\Java\jdk1.7.0_01\jre\classes"/>
    <property name="java.vendor" value="Oracle Corporation"/>
    <property name="localRepository" value="C:\Users\adam\.m2\repository"/>
    <property name="file.separator" value="\"/>
    <property name="java.vendor.url.bug" value="http://bugreport.sun.com/bugreport/"/>
    <property name="sun.cpu.endian" value="little"/>
    <property name="sun.io.unicode.encoding" value="UnicodeLittle"/>
    <property name="sun.desktop" value="windows"/>
    <property name="sun.cpu.isalist" value="amd64"/>
  </properties>
  <testcase time="0.008" classname="fr.inria.sacha.gitanalyzer.AppTest" name="testApp"/>
</testsuite>